//  v2lvs v2019.1_18.11    Thu Jan 10 13:52:35 PST 2019
//
//  Copyright (c) 1992, 1993 Regents of the University of California
//         All rights reserved.
//
//        Copyright Mentor Graphics Corporation 1996-2019
//                       All Rights Reserved.
//   THIS WORK CONTAINS TRADE SECRET AND PROPRIETARY INFORMATION
//      WHICH IS THE PROPERTY OF MENTOR GRAPHICS CORPORATION
//        OR ITS LICENSORS AND IS SUBJECT TO LICENSE TERMS.
//
//  The registered trademark Linux is used pursuant to a sublicense from LMI, the
//  exclusive licensee of Linus Torvalds, owner of the mark on a world-wide basis.
//
//  Mentor Graphics software executing under x86-64 Linux
//
Running /home/ayman/mgc/aoi_cal_2019.1_18.11/pkgs/icv/pvt/v2lvs -v /home/ayman/Desktop/Project/BeforeSub/CNN_AcceleratorSys/calibreFC/FCSyn.v -o /home/ayman/Desktop/Project/BeforeSub/CNN_AcceleratorSys/calibreFC/_FCSyn.v.sp -l /home/ayman/mgc/adk3_1/technology/adk.v -w 2

Info: Creating Library Database ...
Info: Creating Design Database ...
Info: Converting Design ...

CPU TIME = 0  REAL TIME = 0  MALLOC = 9/9/9
