/home/ayman/mgc/LeonardoSpectrum/bin/Linux/spectrum -file DMAController.tcl 
-------------------------------------------------
LeonardoSpectrum Level 3 - 2018a.2 (Release Production Release, compiled Nov  1 2018 at 10:14:57)
Copyright 1990-2018 Mentor Graphics.  All rights reserved.
Portions copyright 1991-2018 Compuware Corporation

Checking Security ...
Reading library file `/home/ayman/mgc/LeonardoSpectrum/lib/tsmc035_typ.syn`...
Library version = 3.0 Release : Patch (a) : 09/13/04
Delays assume: Process=typical Temp= 27.0 C  Voltage=3.30 V  
Info: setting encoding to auto
Info, Working Directory is now '/media/sf_CNN_Accelerator/CNN/Leonardo/DMAController'
-- Reading file /home/ayman/mgc/LeonardoSpectrum/data/standard.vhd for unit standard
-- Loading package standard into library std
-- Reading vhdl file /media/sf_CNN_Accelerator/Utils/Tristate.vhd into library work
-- Reading file /home/ayman/mgc/LeonardoSpectrum/data/std_1164.vhd for unit std_logic_1164
-- Loading package std_logic_1164 into library IEEE
-- Loading entity Tristate into library work
-- Loading architecture TriStateArch of Tristate into library work
-- Reading vhdl file /media/sf_CNN_Accelerator/CNN/Constants.vhd into library work
-- Loading package constants into library work
-- Reading vhdl file /media/sf_CNN_Accelerator/Utils/Mux2.vhd into library work
-- Loading entity Mux2 into library work
-- Loading architecture Mux2Arch of Mux2 into library work
-- Reading vhdl file /media/sf_CNN_Accelerator/Utils/Reg.vhd into library work
-- Loading entity Reg into library work
-- Loading architecture RegArch of Reg into library work
-- Reading vhdl file /media/sf_CNN_Accelerator/Utils/FullAdder.vhd into library work
-- Loading entity FullAdder into library work
-- Loading architecture FullAdderArch of FullAdder into library work
-- Reading vhdl file /media/sf_CNN_Accelerator/Utils/NBitAdder.vhd into library work
-- Loading entity NBitAdder into library work
-- Loading architecture NBitAdderArch of NBitAdder into library work
-- Reading vhdl file /media/sf_CNN_Accelerator/Utils/Counter2.vhd into library work
-- Reading file /home/ayman/mgc/LeonardoSpectrum/data/numeric_std.vhd for unit numeric_std
-- Loading package NUMERIC_STD into library IEEE
-- Loading entity Counter2 into library work
-- Loading architecture Counter2Arch of Counter2 into library work
-- Reading vhdl file /media/sf_CNN_Accelerator/Utils/FullSubtractor.vhd into library work
-- Searching for SYNOPSYS package STD_LOGIC_ARITH..
-- Reading file /home/ayman/mgc/LeonardoSpectrum/data/syn_arit.vhd for unit STD_LOGIC_ARITH
-- Loading package std_logic_arith into library IEEE
-- Searching for SYNOPSYS package STD_LOGIC_UNSIGNED..
-- Reading file /home/ayman/mgc/LeonardoSpectrum/data/syn_unsi.vhd for unit STD_LOGIC_UNSIGNED
-- Loading package STD_LOGIC_UNSIGNED into library IEEE
-- Loading entity FullSubtractor into library work
-- Loading architecture Behavioral of FullSubtractor into library work
-- Reading vhdl file /media/sf_CNN_Accelerator/Utils/NBitSubtractor.vhd into library work
-- Loading entity NBitSubtractor into library work
-- Loading architecture NBitSubtractorArch of NBitSubtractor into library work
-- Reading vhdl file /media/sf_CNN_Accelerator/Utils/DownCounter.vhd into library work
-- Loading entity DownCounter into library work
-- Loading architecture DownCounterArch of DownCounter into library work
-- Reading vhdl file /media/sf_CNN_Accelerator/Utils/MultiStepCounter.vhd into library work
-- Loading entity MultiStepCounter into library work
-- Loading architecture MultiStepCounterArch of MultiStepCounter into library work
-- Reading vhdl file /media/sf_CNN_Accelerator/CNN/DMA.vhd into library work
-- Loading entity DMA into library work
-- Loading architecture DMAArch of DMA into library work
-- Reading vhdl file /media/sf_CNN_Accelerator/CNN/WriteDMA.vhd into library work
-- Loading entity WriteDMA into library work
-- Loading architecture WriteDMAArch of WriteDMA into library work
-- Reading vhdl file /media/sf_CNN_Accelerator/CNN/ReadLogic.vhd into library work
-- Loading entity ReadLogic into library work
"/media/sf_CNN_Accelerator/CNN/ReadLogic.vhd",line 65: Info, Enumerated type FSM with 5 elements encoded as onehot.
Encodings for FSM values
        value    FSM[4-0]
=========================
      idleState  ----1
    switchState  ---1-
      initState  --1--
       incState  -1---
     fetchState  1----

-- Loading architecture ReadLogicArch of ReadLogic into library work
-- Reading vhdl file /media/sf_CNN_Accelerator/CNN/WriteLogic.vhd into library work
-- Loading entity WriteLogic into library work
"/media/sf_CNN_Accelerator/CNN/WriteLogic.vhd",line 61: Info, Enumerated type FSM with 5 elements encoded as onehot.
Encodings for FSM values
        value    FSM[4-0]
=========================
      idleState  ----1
    switchState  ---1-
      initState  --1--
       incState  -1---
     writeState  1----

-- Loading architecture WriteLogicArch of WriteLogic into library work
-- Reading vhdl file /media/sf_CNN_Accelerator/CNN/DmaController.vhd into library work
-- Loading entity DMAController into library work
-- Loading architecture DMAControllerArch of DMAController into library work
-- Compiling root entity DMAController(DMAControllerArch)
-- Compiling entity Mux2_13(Mux2Arch)
-- Compiling entity Tristate_80(TriStateArch)
-- Compiling entity ReadLogic_13_80(ReadLogicArch)
-- Compiling entity DMA_13_80(DMAArch)
-- Compiling entity MultiStepCounter_13(MultiStepCounterArch)
-- Compiling entity Reg_13(RegArch)
-- Compiling entity NBitAdder_13(NBitAdderArch)
-- Compiling entity FullAdder(FullAdderArch)
-- Compiling entity DownCounter_3(DownCounterArch)
-- Compiling entity Reg_3(RegArch)
-- Compiling entity NBitSubtractor_3(NBitSubtractorArch)
-- Compiling entity FullSubtractor(Behavioral)
-- Compiling entity Mux2_3(Mux2Arch)
-- Compiling entity Counter2_13(Counter2Arch)
-- Compiling entity Counter2_3(Counter2Arch)
-- Compiling entity NBitAdder_3(NBitAdderArch)
"/media/sf_CNN_Accelerator/CNN/ReadLogic.vhd",line 293: Info, others clause is never selected for synthesis.
"/media/sf_CNN_Accelerator/CNN/ReadLogic.vhd",line 79: Warning, addressRegIn is not always assigned. Storage may be needed..
"/media/sf_CNN_Accelerator/CNN/ReadLogic.vhd",line 78: Warning, dmaCountIn is not always assigned. Storage may be needed..
-- Compiling entity ReadLogic_12_40(ReadLogicArch)
-- Compiling entity Mux2_12(Mux2Arch)
-- Compiling entity DMA_12_40(DMAArch)
-- Compiling entity MultiStepCounter_12(MultiStepCounterArch)
-- Compiling entity Reg_12(RegArch)
-- Compiling entity NBitAdder_12(NBitAdderArch)
-- Compiling entity Tristate_40(TriStateArch)
-- Compiling entity Counter2_12(Counter2Arch)
"/media/sf_CNN_Accelerator/CNN/ReadLogic.vhd",line 293: Info, others clause is never selected for synthesis.
"/media/sf_CNN_Accelerator/CNN/ReadLogic.vhd",line 79: Warning, addressRegIn is not always assigned. Storage may be needed..
"/media/sf_CNN_Accelerator/CNN/ReadLogic.vhd",line 78: Warning, dmaCountIn is not always assigned. Storage may be needed..
-- Compiling entity WriteLogic_13_80(WriteLogicArch)
-- Compiling entity WriteDMA_13_80(WriteDMAArch)
-- Compiling entity DownCounter_5(DownCounterArch)
-- Compiling entity Reg_5(RegArch)
-- Compiling entity NBitSubtractor_5(NBitSubtractorArch)
-- Compiling entity Mux2_5(Mux2Arch)
"/media/sf_CNN_Accelerator/CNN/WriteLogic.vhd",line 225: Info, others clause is never selected for synthesis.
"/media/sf_CNN_Accelerator/CNN/WriteLogic.vhd",line 73: Warning, addressRegIn is not always assigned. Storage may be needed..
-- Compiling root entity DMAController(DMAControllerArch)
-- Compiling entity Mux2_13(Mux2Arch)
-- Info, replacing Mux2_13(Mux2Arch)
-- Compiling entity Tristate_80(TriStateArch)
-- Info, replacing Tristate_80(TriStateArch)
-- Compiling entity ReadLogic_13_80(ReadLogicArch)
-- Compiling entity DMA_13_80(DMAArch)
-- Compiling entity MultiStepCounter_13(MultiStepCounterArch)
-- Compiling entity Reg_13(RegArch)
-- Info, replacing Reg_13(RegArch)
-- Compiling entity NBitAdder_13(NBitAdderArch)
-- Compiling entity FullAdder(FullAdderArch)
-- Info, replacing FullAdder(FullAdderArch)
-- Info, replacing NBitAdder_13(NBitAdderArch)
-- Info, replacing MultiStepCounter_13(MultiStepCounterArch)
-- Compiling entity DownCounter_3(DownCounterArch)
-- Compiling entity Reg_3(RegArch)
-- Info, replacing Reg_3(RegArch)
-- Compiling entity NBitSubtractor_3(NBitSubtractorArch)
-- Compiling entity FullSubtractor(Behavioral)
-- Info, replacing FullSubtractor(Behavioral)
-- Info, replacing NBitSubtractor_3(NBitSubtractorArch)
-- Compiling entity Mux2_3(Mux2Arch)
-- Info, replacing Mux2_3(Mux2Arch)
-- Info, replacing DownCounter_3(DownCounterArch)
-- Info, replacing DMA_13_80(DMAArch)
-- Compiling entity Counter2_13(Counter2Arch)
-- Info, replacing Counter2_13(Counter2Arch)
-- Compiling entity Counter2_3(Counter2Arch)
-- Compiling entity NBitAdder_3(NBitAdderArch)
-- Info, replacing NBitAdder_3(NBitAdderArch)
-- Info, replacing Counter2_3(Counter2Arch)
"/media/sf_CNN_Accelerator/CNN/ReadLogic.vhd",line 293: Info, others clause is never selected for synthesis.
"/media/sf_CNN_Accelerator/CNN/ReadLogic.vhd",line 79: Warning, addressRegIn is not always assigned. Storage may be needed..
"/media/sf_CNN_Accelerator/CNN/ReadLogic.vhd",line 78: Warning, dmaCountIn is not always assigned. Storage may be needed..
-- Info, replacing ReadLogic_13_80(ReadLogicArch)
-- Compiling entity ReadLogic_12_40(ReadLogicArch)
-- Compiling entity Mux2_12(Mux2Arch)
-- Info, replacing Mux2_12(Mux2Arch)
-- Compiling entity DMA_12_40(DMAArch)
-- Compiling entity MultiStepCounter_12(MultiStepCounterArch)
-- Compiling entity Reg_12(RegArch)
-- Info, replacing Reg_12(RegArch)
-- Compiling entity NBitAdder_12(NBitAdderArch)
-- Info, replacing NBitAdder_12(NBitAdderArch)
-- Info, replacing MultiStepCounter_12(MultiStepCounterArch)
-- Compiling entity Tristate_40(TriStateArch)
-- Info, replacing Tristate_40(TriStateArch)
-- Info, replacing DMA_12_40(DMAArch)
-- Compiling entity Counter2_12(Counter2Arch)
-- Info, replacing Counter2_12(Counter2Arch)
"/media/sf_CNN_Accelerator/CNN/ReadLogic.vhd",line 293: Info, others clause is never selected for synthesis.
"/media/sf_CNN_Accelerator/CNN/ReadLogic.vhd",line 79: Warning, addressRegIn is not always assigned. Storage may be needed..
"/media/sf_CNN_Accelerator/CNN/ReadLogic.vhd",line 78: Warning, dmaCountIn is not always assigned. Storage may be needed..
-- Info, replacing ReadLogic_12_40(ReadLogicArch)
-- Compiling entity WriteLogic_13_80(WriteLogicArch)
-- Compiling entity WriteDMA_13_80(WriteDMAArch)
-- Compiling entity DownCounter_5(DownCounterArch)
-- Compiling entity Reg_5(RegArch)
-- Info, replacing Reg_5(RegArch)
-- Compiling entity NBitSubtractor_5(NBitSubtractorArch)
-- Info, replacing NBitSubtractor_5(NBitSubtractorArch)
-- Compiling entity Mux2_5(Mux2Arch)
-- Info, replacing Mux2_5(Mux2Arch)
-- Info, replacing DownCounter_5(DownCounterArch)
-- Info, replacing WriteDMA_13_80(WriteDMAArch)
"/media/sf_CNN_Accelerator/CNN/WriteLogic.vhd",line 225: Info, others clause is never selected for synthesis.
"/media/sf_CNN_Accelerator/CNN/WriteLogic.vhd",line 73: Warning, addressRegIn is not always assigned. Storage may be needed..
-- Info, replacing WriteLogic_13_80(WriteLogicArch)
-- Info, replacing DMAController(DMAControllerArch)
Info: setting sdf_type to combined
-- Boundary optimization.
-- Boundary optimization.
-- Boundary optimization.
-- Boundary optimization.
-- Boundary optimization.
-- Boundary optimization.
-- Boundary optimization.
-- Start pre-optimization for design .work.Mux2_13.Mux2Arch
-- Start pre-optimization for design .work.Reg_13.RegArch_unfold_2562
-- Start pre-optimization for design .work.FullAdder.FullAdderArch_unfold_1717
-- Start pre-optimization for design .work.FullAdder.FullAdderArch
-- Start pre-optimization for design .work.FullAdder.FullAdderArch_unfold_2281
-- Start pre-optimization for design .work.NBitAdder_13.NBitAdderArch_unfold_2875
-- Start pre-optimization for design .work.MultiStepCounter_13.MultiStepCounterArch_unfold_2954
-- Start pre-optimization for design .work.Reg_3.RegArch_unfold_2178
-- Start pre-optimization for design .work.FullSubtractor.Behavioral_unfold_1977_0
-- Start pre-optimization for design .work.FullSubtractor.Behavioral_unfold_2523
-- Start pre-optimization for design .work.FullSubtractor.Behavioral_unfold_2524
-- Start pre-optimization for design .work.NBitSubtractor_3.NBitSubtractorArch_unfold_2916
-- Start pre-optimization for design .work.Mux2_3.Mux2Arch_unfold_2672
-- Start pre-optimization for design .work.DownCounter_3.DownCounterArch_unfold_2032
-- Start pre-optimization for design .work.Tristate_80.TriStateArch
-- Start pre-optimization for design .work.DMA_13_80.DMAArch_unfold_1492
-- Start pre-optimization for design .work.FullAdder.FullAdderArch_unfold_1717_0
-- Start pre-optimization for design .work.FullAdder.FullAdderArch_unfold_2263
-- Start pre-optimization for design .work.FullAdder.FullAdderArch_unfold_2281_1
-- Start pre-optimization for design .work.NBitAdder_13.NBitAdderArch_unfold_2246
-- Start pre-optimization for design .work.Counter2_13.Counter2Arch_unfold_2979
-- Start pre-optimization for design .work.Reg_3.RegArch_unfold_1916
-- Start pre-optimization for design .work.FullAdder.FullAdderArch_unfold_1700
-- Start pre-optimization for design .work.FullAdder.FullAdderArch_unfold_2246
-- Start pre-optimization for design .work.FullAdder.FullAdderArch_unfold_2247
-- Start pre-optimization for design .work.NBitAdder_3.NBitAdderArch_unfold_2229
-- Start pre-optimization for design .work.Mux2_3.Mux2Arch_unfold_1846
-- Start pre-optimization for design .work.Counter2_3.Counter2Arch_unfold_2861
-- Start pre-optimization for design .work.ReadLogic_13_80.ReadLogicArch_unfold_3077
-- Start pre-optimization for design .work.Mux2_12.Mux2Arch
-- Start pre-optimization for design .work.Reg_12.RegArch_unfold_2561
-- Start pre-optimization for design .work.FullAdder.FullAdderArch_unfold_1716
-- Start pre-optimization for design .work.FullAdder.FullAdderArch_unfold_2264
-- Start pre-optimization for design .work.FullAdder.FullAdderArch_unfold_2279
-- Start pre-optimization for design .work.NBitAdder_12.NBitAdderArch_unfold_2874
-- Start pre-optimization for design .work.MultiStepCounter_12.MultiStepCounterArch_unfold_2949
-- Start pre-optimization for design .work.Reg_12.RegArch_unfold_2030
-- Start pre-optimization for design .work.Tristate_40.TriStateArch
-- Start pre-optimization for design .work.DMA_12_40.DMAArch_unfold_1487
-- Start pre-optimization for design .work.NBitAdder_12.NBitAdderArch_unfold_2245
-- Start pre-optimization for design .work.Counter2_12.Counter2Arch_unfold_2974
-- Start pre-optimization for design .work.ReadLogic_12_40.ReadLogicArch_unfold_3059
-- Start pre-optimization for design .work.Reg_5.RegArch_unfold_2180
-- Start pre-optimization for design .work.NBitSubtractor_5.NBitSubtractorArch_unfold_2918
-- Start pre-optimization for design .work.Mux2_5.Mux2Arch
-- Start pre-optimization for design .work.DownCounter_5.DownCounterArch
-- Start pre-optimization for design .work.WriteDMA_13_80.WriteDMAArch_unfold_1966
-- Start pre-optimization for design .work.WriteLogic_13_80.WriteLogicArch_unfold_2859
-- Start pre-optimization for design .work.DMAController.DMAControllerArch
-- Start pre-optimization for design .work.Mux2_13.Mux2Arch
-- Start pre-optimization for design .work.Reg_13.RegArch_unfold_2562
-- Start pre-optimization for design .work.FullAdder.FullAdderArch_unfold_1717
-- Start pre-optimization for design .work.FullAdder.FullAdderArch
-- Start pre-optimization for design .work.FullAdder.FullAdderArch_unfold_2281
-- Start pre-optimization for design .work.NBitAdder_13.NBitAdderArch_unfold_2875
-- Start pre-optimization for design .work.MultiStepCounter_13.MultiStepCounterArch_unfold_2954
-- Start pre-optimization for design .work.Reg_3.RegArch_unfold_2178
-- Start pre-optimization for design .work.FullSubtractor.Behavioral_unfold_1977_0
-- Start pre-optimization for design .work.FullSubtractor.Behavioral_unfold_2523
-- Start pre-optimization for design .work.FullSubtractor.Behavioral_unfold_2524
-- Start pre-optimization for design .work.NBitSubtractor_3.NBitSubtractorArch_unfold_2916
-- Start pre-optimization for design .work.Mux2_3.Mux2Arch_unfold_2672
-- Start pre-optimization for design .work.DownCounter_3.DownCounterArch_unfold_2032
-- Start pre-optimization for design .work.Tristate_80.TriStateArch
-- Start pre-optimization for design .work.DMA_13_80.DMAArch_unfold_1492
-- Start pre-optimization for design .work.FullAdder.FullAdderArch_unfold_1717_0
-- Start pre-optimization for design .work.FullAdder.FullAdderArch_unfold_2263
-- Start pre-optimization for design .work.FullAdder.FullAdderArch_unfold_2281_1
-- Start pre-optimization for design .work.NBitAdder_13.NBitAdderArch_unfold_2246
-- Start pre-optimization for design .work.Counter2_13.Counter2Arch_unfold_2979
-- Start pre-optimization for design .work.Reg_3.RegArch_unfold_1916
-- Start pre-optimization for design .work.FullAdder.FullAdderArch_unfold_1700
-- Start pre-optimization for design .work.FullAdder.FullAdderArch_unfold_2246
-- Start pre-optimization for design .work.FullAdder.FullAdderArch_unfold_2247
-- Start pre-optimization for design .work.NBitAdder_3.NBitAdderArch_unfold_2229
-- Start pre-optimization for design .work.Mux2_3.Mux2Arch_unfold_1846
-- Start pre-optimization for design .work.Counter2_3.Counter2Arch_unfold_2861
-- Start pre-optimization for design .work.ReadLogic_13_80.ReadLogicArch_unfold_3077
-- Start pre-optimization for design .work.Mux2_12.Mux2Arch
-- Start pre-optimization for design .work.Reg_12.RegArch_unfold_2561
-- Start pre-optimization for design .work.FullAdder.FullAdderArch_unfold_1716
-- Start pre-optimization for design .work.FullAdder.FullAdderArch_unfold_2264
-- Start pre-optimization for design .work.FullAdder.FullAdderArch_unfold_2279
-- Start pre-optimization for design .work.NBitAdder_12.NBitAdderArch_unfold_2874
-- Start pre-optimization for design .work.MultiStepCounter_12.MultiStepCounterArch_unfold_2949
-- Start pre-optimization for design .work.Reg_12.RegArch_unfold_2030
-- Start pre-optimization for design .work.Tristate_40.TriStateArch
-- Start pre-optimization for design .work.DMA_12_40.DMAArch_unfold_1487
-- Start pre-optimization for design .work.NBitAdder_12.NBitAdderArch_unfold_2245
-- Start pre-optimization for design .work.Counter2_12.Counter2Arch_unfold_2974
-- Start pre-optimization for design .work.ReadLogic_12_40.ReadLogicArch_unfold_3059
-- Start pre-optimization for design .work.Reg_5.RegArch_unfold_2180
-- Start pre-optimization for design .work.NBitSubtractor_5.NBitSubtractorArch_unfold_2918
-- Start pre-optimization for design .work.Mux2_5.Mux2Arch
-- Start pre-optimization for design .work.DownCounter_5.DownCounterArch
-- Start pre-optimization for design .work.WriteDMA_13_80.WriteDMAArch_unfold_1966
-- Start pre-optimization for design .work.WriteLogic_13_80.WriteLogicArch_unfold_2859
-- Start pre-optimization for design .work.DMAController.DMAControllerArch
Info, Instances dissolved by autodissolve in View .work.NBitAdder_13.NBitAdderArch_unfold_2875
"/media/sf_CNN_Accelerator/Utils/NBitAdder.vhd", line 29: f0 (FullAdder)
"/media/sf_CNN_Accelerator/Utils/NBitAdder.vhd", line 35: loop1_1_fx (FullAdder)
"/media/sf_CNN_Accelerator/Utils/NBitAdder.vhd", line 35: loop1_2_fx (FullAdder)
"/media/sf_CNN_Accelerator/Utils/NBitAdder.vhd", line 35: loop1_3_fx (FullAdder)
"/media/sf_CNN_Accelerator/Utils/NBitAdder.vhd", line 35: loop1_4_fx (FullAdder)
"/media/sf_CNN_Accelerator/Utils/NBitAdder.vhd", line 35: loop1_5_fx (FullAdder)
"/media/sf_CNN_Accelerator/Utils/NBitAdder.vhd", line 35: loop1_6_fx (FullAdder)
"/media/sf_CNN_Accelerator/Utils/NBitAdder.vhd", line 35: loop1_7_fx (FullAdder)
"/media/sf_CNN_Accelerator/Utils/NBitAdder.vhd", line 35: loop1_8_fx (FullAdder)
"/media/sf_CNN_Accelerator/Utils/NBitAdder.vhd", line 35: loop1_9_fx (FullAdder)
"/media/sf_CNN_Accelerator/Utils/NBitAdder.vhd", line 35: loop1_10_fx (FullAdder)
"/media/sf_CNN_Accelerator/Utils/NBitAdder.vhd", line 35: loop1_11_fx (FullAdder)
"/media/sf_CNN_Accelerator/Utils/NBitAdder.vhd", line 35: loop1_12_fx (FullAdder)
Info, Instances dissolved by autodissolve in View .work.MultiStepCounter_13.MultiStepCounterArch_unfold_2954
"/media/sf_CNN_Accelerator/Utils/MultiStepCounter.vhd", line 31: counterReg (Reg_13)
"/media/sf_CNN_Accelerator/Utils/MultiStepCounter.vhd", line 33: muxloadOrCurrent (Mux2_13)
"/media/sf_CNN_Accelerator/Utils/MultiStepCounter.vhd", line 34: muxInput (Mux2_13)
Info, Instances dissolved by autodissolve in View .work.NBitSubtractor_3.NBitSubtractorArch_unfold_2916
"/media/sf_CNN_Accelerator/Utils/NBitSubtractor.vhd", line 20: f0 (FullSubtractor)
"/media/sf_CNN_Accelerator/Utils/NBitSubtractor.vhd", line 23: loop1_1_fx (FullSubtractor)
"/media/sf_CNN_Accelerator/Utils/NBitSubtractor.vhd", line 23: loop1_2_fx (FullSubtractor)
Info, Instances dissolved by autodissolve in View .work.DownCounter_3.DownCounterArch_unfold_2032
"/media/sf_CNN_Accelerator/Utils/DownCounter.vhd", line 16: counterReg (Reg_3)
"/media/sf_CNN_Accelerator/Utils/DownCounter.vhd", line 17: nextCount (NBitSubtractor_3)
"/media/sf_CNN_Accelerator/Utils/DownCounter.vhd", line 18: muxloadOrCurrent (Mux2_3)
Info, Instances dissolved by autodissolve in View .work.DMA_13_80.DMAArch_unfold_1492
"/media/sf_CNN_Accelerator/CNN/DMA.vhd", line 48: counter (DownCounter_3)
"/media/sf_CNN_Accelerator/CNN/DMA.vhd", line 49: readStepRegister (Reg_13)
"/media/sf_CNN_Accelerator/CNN/DMA.vhd", line 50: tristateLabel (Tristate_80)
Info, Instances dissolved by autodissolve in View .work.NBitAdder_13.NBitAdderArch_unfold_2246
"/media/sf_CNN_Accelerator/Utils/NBitAdder.vhd", line 29: f0 (FullAdder)
"/media/sf_CNN_Accelerator/Utils/NBitAdder.vhd", line 35: loop1_1_fx (FullAdder)
"/media/sf_CNN_Accelerator/Utils/NBitAdder.vhd", line 35: loop1_2_fx (FullAdder)
"/media/sf_CNN_Accelerator/Utils/NBitAdder.vhd", line 35: loop1_3_fx (FullAdder)
"/media/sf_CNN_Accelerator/Utils/NBitAdder.vhd", line 35: loop1_4_fx (FullAdder)
"/media/sf_CNN_Accelerator/Utils/NBitAdder.vhd", line 35: loop1_5_fx (FullAdder)
"/media/sf_CNN_Accelerator/Utils/NBitAdder.vhd", line 35: loop1_6_fx (FullAdder)
"/media/sf_CNN_Accelerator/Utils/NBitAdder.vhd", line 35: loop1_7_fx (FullAdder)
"/media/sf_CNN_Accelerator/Utils/NBitAdder.vhd", line 35: loop1_8_fx (FullAdder)
"/media/sf_CNN_Accelerator/Utils/NBitAdder.vhd", line 35: loop1_9_fx (FullAdder)
"/media/sf_CNN_Accelerator/Utils/NBitAdder.vhd", line 35: loop1_10_fx (FullAdder)
"/media/sf_CNN_Accelerator/Utils/NBitAdder.vhd", line 35: loop1_11_fx (FullAdder)
"/media/sf_CNN_Accelerator/Utils/NBitAdder.vhd", line 35: loop1_12_fx (FullAdder)
Info, Instances dissolved by autodissolve in View .work.Counter2_13.Counter2Arch_unfold_2979
"/media/sf_CNN_Accelerator/Utils/Counter2.vhd", line 35: counterReg (Reg_13)
"/media/sf_CNN_Accelerator/Utils/Counter2.vhd", line 36: nextCount (NBitAdder_13)
"/media/sf_CNN_Accelerator/Utils/Counter2.vhd", line 37: muxloadOrCurrent (Mux2_13)
Info, Instances dissolved by autodissolve in View .work.NBitAdder_3.NBitAdderArch_unfold_2229
"/media/sf_CNN_Accelerator/Utils/NBitAdder.vhd", line 29: f0 (FullAdder)
"/media/sf_CNN_Accelerator/Utils/NBitAdder.vhd", line 35: loop1_1_fx (FullAdder)
"/media/sf_CNN_Accelerator/Utils/NBitAdder.vhd", line 35: loop1_2_fx (FullAdder)
Info, Instances dissolved by autodissolve in View .work.Counter2_3.Counter2Arch_unfold_2861
"/media/sf_CNN_Accelerator/Utils/Counter2.vhd", line 35: counterReg (Reg_3)
"/media/sf_CNN_Accelerator/Utils/Counter2.vhd", line 36: nextCount (NBitAdder_3)
"/media/sf_CNN_Accelerator/Utils/Counter2.vhd", line 38: muxInput (Mux2_3)
Info, Instances dissolved by autodissolve in View .work.ReadLogic_13_80.ReadLogicArch_unfold_3077
"/media/sf_CNN_Accelerator/CNN/ReadLogic.vhd", line 155: aluNumberCounter (Counter2_3)
Info, Instances dissolved by autodissolve in View .work.NBitAdder_12.NBitAdderArch_unfold_2874
"/media/sf_CNN_Accelerator/Utils/NBitAdder.vhd", line 29: f0 (FullAdder)
"/media/sf_CNN_Accelerator/Utils/NBitAdder.vhd", line 35: loop1_1_fx (FullAdder)
"/media/sf_CNN_Accelerator/Utils/NBitAdder.vhd", line 35: loop1_2_fx (FullAdder)
"/media/sf_CNN_Accelerator/Utils/NBitAdder.vhd", line 35: loop1_3_fx (FullAdder)
"/media/sf_CNN_Accelerator/Utils/NBitAdder.vhd", line 35: loop1_4_fx (FullAdder)
"/media/sf_CNN_Accelerator/Utils/NBitAdder.vhd", line 35: loop1_5_fx (FullAdder)
"/media/sf_CNN_Accelerator/Utils/NBitAdder.vhd", line 35: loop1_6_fx (FullAdder)
"/media/sf_CNN_Accelerator/Utils/NBitAdder.vhd", line 35: loop1_7_fx (FullAdder)
"/media/sf_CNN_Accelerator/Utils/NBitAdder.vhd", line 35: loop1_8_fx (FullAdder)
"/media/sf_CNN_Accelerator/Utils/NBitAdder.vhd", line 35: loop1_9_fx (FullAdder)
"/media/sf_CNN_Accelerator/Utils/NBitAdder.vhd", line 35: loop1_10_fx (FullAdder)
"/media/sf_CNN_Accelerator/Utils/NBitAdder.vhd", line 35: loop1_11_fx (FullAdder)
Info, Instances dissolved by autodissolve in View .work.MultiStepCounter_12.MultiStepCounterArch_unfold_2949
"/media/sf_CNN_Accelerator/Utils/MultiStepCounter.vhd", line 31: counterReg (Reg_12)
"/media/sf_CNN_Accelerator/Utils/MultiStepCounter.vhd", line 32: nextCount (NBitAdder_12)
"/media/sf_CNN_Accelerator/Utils/MultiStepCounter.vhd", line 33: muxloadOrCurrent (Mux2_12)
"/media/sf_CNN_Accelerator/Utils/MultiStepCounter.vhd", line 34: muxInput (Mux2_12)
Info, Instances dissolved by autodissolve in View .work.DMA_12_40.DMAArch_unfold_1487
"/media/sf_CNN_Accelerator/CNN/DMA.vhd", line 48: counter (DownCounter_3)
"/media/sf_CNN_Accelerator/CNN/DMA.vhd", line 49: readStepRegister (Reg_12)
"/media/sf_CNN_Accelerator/CNN/DMA.vhd", line 50: tristateLabel (Tristate_40)
Info, Instances dissolved by autodissolve in View .work.NBitAdder_12.NBitAdderArch_unfold_2245
"/media/sf_CNN_Accelerator/Utils/NBitAdder.vhd", line 29: f0 (FullAdder)
"/media/sf_CNN_Accelerator/Utils/NBitAdder.vhd", line 35: loop1_1_fx (FullAdder)
"/media/sf_CNN_Accelerator/Utils/NBitAdder.vhd", line 35: loop1_2_fx (FullAdder)
"/media/sf_CNN_Accelerator/Utils/NBitAdder.vhd", line 35: loop1_3_fx (FullAdder)
"/media/sf_CNN_Accelerator/Utils/NBitAdder.vhd", line 35: loop1_4_fx (FullAdder)
"/media/sf_CNN_Accelerator/Utils/NBitAdder.vhd", line 35: loop1_5_fx (FullAdder)
"/media/sf_CNN_Accelerator/Utils/NBitAdder.vhd", line 35: loop1_6_fx (FullAdder)
"/media/sf_CNN_Accelerator/Utils/NBitAdder.vhd", line 35: loop1_7_fx (FullAdder)
"/media/sf_CNN_Accelerator/Utils/NBitAdder.vhd", line 35: loop1_8_fx (FullAdder)
"/media/sf_CNN_Accelerator/Utils/NBitAdder.vhd", line 35: loop1_9_fx (FullAdder)
"/media/sf_CNN_Accelerator/Utils/NBitAdder.vhd", line 35: loop1_10_fx (FullAdder)
"/media/sf_CNN_Accelerator/Utils/NBitAdder.vhd", line 35: loop1_11_fx (FullAdder)
Info, Instances dissolved by autodissolve in View .work.Counter2_12.Counter2Arch_unfold_2974
"/media/sf_CNN_Accelerator/Utils/Counter2.vhd", line 35: counterReg (Reg_12)
"/media/sf_CNN_Accelerator/Utils/Counter2.vhd", line 36: nextCount (NBitAdder_12)
"/media/sf_CNN_Accelerator/Utils/Counter2.vhd", line 37: muxloadOrCurrent (Mux2_12)
Info, Instances dissolved by autodissolve in View .work.ReadLogic_12_40.ReadLogicArch_unfold_3059
"/media/sf_CNN_Accelerator/CNN/ReadLogic.vhd", line 113: dmaReadBaseAddressMux (Mux2_12)
"/media/sf_CNN_Accelerator/CNN/ReadLogic.vhd", line 129: dma (DMA_12_40)
"/media/sf_CNN_Accelerator/CNN/ReadLogic.vhd", line 155: aluNumberCounter (Counter2_3)
Info, Instances dissolved by autodissolve in View .work.NBitSubtractor_5.NBitSubtractorArch_unfold_2918
"/media/sf_CNN_Accelerator/Utils/NBitSubtractor.vhd", line 20: f0 (FullSubtractor)
"/media/sf_CNN_Accelerator/Utils/NBitSubtractor.vhd", line 23: loop1_1_fx (FullSubtractor)
"/media/sf_CNN_Accelerator/Utils/NBitSubtractor.vhd", line 23: loop1_2_fx (FullSubtractor)
"/media/sf_CNN_Accelerator/Utils/NBitSubtractor.vhd", line 23: loop1_3_fx (FullSubtractor)
"/media/sf_CNN_Accelerator/Utils/NBitSubtractor.vhd", line 23: loop1_4_fx (FullSubtractor)
Info, Instances dissolved by autodissolve in View .work.DownCounter_5.DownCounterArch
"/media/sf_CNN_Accelerator/Utils/DownCounter.vhd", line 16: counterReg (Reg_5)
"/media/sf_CNN_Accelerator/Utils/DownCounter.vhd", line 17: nextCount (NBitSubtractor_5)
"/media/sf_CNN_Accelerator/Utils/DownCounter.vhd", line 18: muxloadOrCurrent (Mux2_5)
Info, Instances dissolved by autodissolve in View .work.WriteDMA_13_80.WriteDMAArch_unfold_1966
"/media/sf_CNN_Accelerator/CNN/WriteDMA.vhd", line 43: writeStepRegister (Reg_13)
"/media/sf_CNN_Accelerator/CNN/WriteDMA.vhd", line 45: writecounter (DownCounter_5)
Info, Instances dissolved by autodissolve in View .work.DMAController.DMAControllerArch
"/media/sf_CNN_Accelerator/CNN/DmaController.vhd", line 104: readRamMux (Mux2_13)
"/media/sf_CNN_Accelerator/CNN/DmaController.vhd", line 110: writeRamMux (Mux2_13)
"/media/sf_CNN_Accelerator/CNN/DmaController.vhd", line 118: windowRamAddressMux (Mux2_13)
->set wire_table "" 
Session history will be logged to file '/media/sf_CNN_Accelerator/CNN/Leonardo/DMAController/leospec.his'
Info: setting wire_table to 
NO wire table is found
-- Optimizing netlist .work.NBitAdder_13.NBitAdderArch_unfold_2875
-- Matching combinational logic..
-- Matching non-combinational logic..
-- Covering..
-- CPU Time used :   00:00 Mapping
-- Optimizing netlist .work.MultiStepCounter_13.MultiStepCounterArch_unfold_2954
-- Matching combinational logic..
-- Matching non-combinational logic..
-- Covering..
-- CPU Time used :   00:00 Mapping
Re-checking DRC after adjustments
-- Optimizing netlist .work.DMA_13_80.DMAArch_unfold_1492
-- Matching combinational logic..
-- Matching non-combinational logic..
-- Covering..
-- CPU Time used :   00:00 Mapping
Re-checking DRC after adjustments
Re-checking DRC after adjustments
-- Optimizing netlist .work.Counter2_13.Counter2Arch_unfold_2979
-- Matching combinational logic..
-- Matching non-combinational logic..
-- Covering..
-- CPU Time used :   00:00 Mapping
-- Optimizing netlist .work.ReadLogic_13_80.ReadLogicArch_unfold_3077
-- Matching combinational logic..
-- Matching non-combinational logic..
-- Covering..
-- CPU Time used :   00:00 Mapping
Re-checking DRC after adjustments
-- Optimizing netlist .work.Counter2_12.Counter2Arch_unfold_2974
-- Matching combinational logic..
-- Matching non-combinational logic..
-- Covering..
-- CPU Time used :   00:00 Mapping
-- Optimizing netlist .work.MultiStepCounter_12.MultiStepCounterArch_unfold_2949
-- Matching combinational logic..
-- Matching non-combinational logic..
-- Covering..
-- CPU Time used :   00:00 Mapping
Re-checking DRC after adjustments
-- Optimizing netlist .work.ReadLogic_12_40.ReadLogicArch_unfold_3059
-- Matching combinational logic..
-- Matching non-combinational logic..
-- Covering..
-- CPU Time used :   00:00 Mapping
Re-checking DRC after adjustments
Re-checking DRC after adjustments
Re-checking DRC after adjustments
Re-checking DRC after adjustments
Re-checking DRC after adjustments
Re-checking DRC after adjustments
WARNING: some DRC violation on net may remain
-- Optimizing netlist .work.WriteDMA_13_80.WriteDMAArch_unfold_1966
-- Matching combinational logic..
-- Matching non-combinational logic..
-- Covering..
-- CPU Time used :   00:00 Mapping
Re-checking DRC after adjustments
-- Optimizing netlist .work.WriteLogic_13_80.WriteLogicArch_unfold_2859
-- Matching combinational logic..
-- Matching non-combinational logic..
-- Covering..
-- CPU Time used :   00:00 Mapping
Re-checking DRC after adjustments
-- Optimizing netlist .work.DMAController.DMAControllerArch
-- Matching combinational logic..
-- Matching non-combinational logic..
-- Covering..
-- CPU Time used :   00:00 Mapping
Re-checking DRC after adjustments
-- Final Design Rule Check..
Re-checking DRC after adjustments
Re-checking DRC after adjustments
-- Start timing optimization for design .work.NBitAdder_13.NBitAdderArch_unfold_2875
Starting Timing Characterization...
Starting Timing Analysis...
NO wire table is found
Timing analysis done, time = 0 CPU secs.
Timing characterization done, time = 0 CPU secs.
NO wire table is found
Info: setting novendor_constraint_file to FALSE
AutoWrite args are : -format Verilog DMAController.v
-- Writing file DMAController.v
Info: setting novendor_constraint_file to FALSE
AutoWrite args are : -format VHDL DMAController.vhd
-- Writing file DMAController.vhd
Info: setting novendor_constraint_file to FALSE
AutoWrite args are : -format SDF DMAController.sdf
-- Writing file DMAController.sdf
NO wire table is found
