Read Verilog report
===================


*** Existing cell /home/ayman/Desktop/Project/BeforeSub/CNN_AcceleratorSys/calibreFC/folder/FcMain


   Single pin nets
   ---------------
   $dummy[3]
   $dummy[4]
   $dummy[5]
   $dummy[6]
   $dummy[7]
   $dummy[8]
   $dummy[9]
   $dummy[10]
   $dummy[11]
   $dummy[12]
   $dummy[13]
   $dummy[14]
   $dummy[15]
   $dummy[0]
   $dummy[1]
   $dummy[2]

*** Existing cell /home/ayman/Desktop/Project/BeforeSub/CNN_AcceleratorSys/calibreFC/folder/Reg_4


   Single pin nets
   ---------------
   $dummy[0]
   $dummy[1]
   $dummy[2]
   $dummy[3]
   $dummy[4]
   $dummy[5]
   $dummy[6]
   $dummy[7]

*** Existing cell /home/ayman/Desktop/Project/BeforeSub/CNN_AcceleratorSys/calibreFC/folder/CounterUpDown_13


   Single pin nets
   ---------------
   $dummy[0]
   $dummy[1]
   $dummy[2]
   $dummy[3]
   $dummy[4]
   $dummy[5]
   $dummy[6]
   $dummy[7]
   $dummy[8]
   $dummy[9]
   $dummy[10]
   $dummy[11]
   $dummy[12]
   $dummy[13]

*** Existing cell /home/ayman/Desktop/Project/BeforeSub/CNN_AcceleratorSys/calibreFC/folder/NBitAdder_13

*** Existing cell /home/ayman/Desktop/Project/BeforeSub/CNN_AcceleratorSys/calibreFC/folder/FlibFlob


   Single pin nets
   ---------------
   $dummy[0]
   $dummy[1]

*** Existing cell /home/ayman/Desktop/Project/BeforeSub/CNN_AcceleratorSys/calibreFC/folder/Alus8x16_10

*** Existing cell /home/ayman/Desktop/Project/BeforeSub/CNN_AcceleratorSys/calibreFC/folder/Accumulator_10


   Single pin nets
   ---------------
   $dummy[0]
   $dummy[1]
   $dummy[2]
   $dummy[3]
   $dummy[4]
   $dummy[5]
   $dummy[6]
   $dummy[7]
   $dummy[8]
   $dummy[9]
   $dummy[10]
   $dummy[11]
   $dummy[12]
   $dummy[13]
   $dummy[14]
   $dummy[15]
   $dummy[16]
   $dummy[17]
   $dummy[18]
   $dummy[19]
   $dummy[20]
   $dummy[21]
   $dummy[22]
   $dummy[23]
   $dummy[24]
   $dummy[25]
   $dummy[26]
   $dummy[27]
   $dummy[28]
   $dummy[29]
   $dummy[30]
   $dummy[31]
   $dummy[32]
   $dummy[33]
   $dummy[34]
   $dummy[35]
   $dummy[36]
   $dummy[37]
   $dummy[38]
   $dummy[39]
   $dummy[40]
   $dummy[41]
   $dummy[42]
   $dummy[43]
   $dummy[44]
   $dummy[45]
   $dummy[46]
   $dummy[47]
   $dummy[48]
   $dummy[49]
   $dummy[50]
   $dummy[51]
   $dummy[52]
   $dummy[53]
   $dummy[54]
   $dummy[55]
   $dummy[56]
   $dummy[57]
   $dummy[58]
   $dummy[59]
   $dummy[60]
   $dummy[61]
   $dummy[62]
   $dummy[63]
   $dummy[64]
   $dummy[65]
   $dummy[66]
   $dummy[67]
   $dummy[68]
   $dummy[69]
   $dummy[70]
   $dummy[71]
   $dummy[72]
   $dummy[73]
   $dummy[74]
   $dummy[75]
   $dummy[76]
   $dummy[77]
   $dummy[78]
   $dummy[79]
   $dummy[80]
   $dummy[81]
   $dummy[82]
   $dummy[83]
   $dummy[84]
   $dummy[85]
   $dummy[86]
   $dummy[87]
   $dummy[88]
   $dummy[89]
   $dummy[90]
   $dummy[91]
   $dummy[92]
   $dummy[93]
   $dummy[94]
   $dummy[95]
   $dummy[96]
   $dummy[97]
   $dummy[98]
   $dummy[99]
   $dummy[100]
   $dummy[101]
   $dummy[102]
   $dummy[103]
   $dummy[104]
   $dummy[105]
   $dummy[106]
   $dummy[107]
   $dummy[108]
   $dummy[109]
   $dummy[110]
   $dummy[111]
   $dummy[112]
   $dummy[113]
   $dummy[114]
   $dummy[115]
   $dummy[116]
   $dummy[117]
   $dummy[118]
   $dummy[119]
   $dummy[120]
   $dummy[121]
   $dummy[122]
   $dummy[123]
   $dummy[124]
   $dummy[125]
   $dummy[126]
   $dummy[127]
   $dummy[128]
   $dummy[129]
   $dummy[130]
   $dummy[131]
   $dummy[132]
   $dummy[133]
   $dummy[134]
   $dummy[135]
   $dummy[136]
   $dummy[137]
   $dummy[138]
   $dummy[139]
   $dummy[140]
   $dummy[141]
   $dummy[142]
   $dummy[143]
   $dummy[144]
   $dummy[145]
   $dummy[146]
   $dummy[147]
   $dummy[148]
   $dummy[149]
   $dummy[150]
   $dummy[151]
   $dummy[152]
   $dummy[153]
   $dummy[154]
   $dummy[155]
   $dummy[156]
   $dummy[157]
   $dummy[158]
   $dummy[159]
   $dummy[160]
   $dummy[161]
   $dummy[162]
   $dummy[163]
   $dummy[164]
   $dummy[165]
   $dummy[166]
   $dummy[167]
   $dummy[168]
   $dummy[169]

*** Existing cell /home/ayman/Desktop/Project/BeforeSub/CNN_AcceleratorSys/calibreFC/folder/nMul8x16_10


   Single pin nets
   ---------------
   $dummy[0]
   $dummy[1]
   $dummy[2]

*** Existing cell /home/ayman/Desktop/Project/BeforeSub/CNN_AcceleratorSys/calibreFC/folder/Reg_1


   Single pin nets
   ---------------
   $dummy[0]
   $dummy[1]

*** Existing cell /home/ayman/Desktop/Project/BeforeSub/CNN_AcceleratorSys/calibreFC/folder/ShiftReg_3


   Single pin nets
   ---------------
   $dummy[0]
   $dummy[1]
   $dummy[2]
   $dummy[3]

*** Existing cell /home/ayman/Desktop/Project/BeforeSub/CNN_AcceleratorSys/calibreFC/folder/RisingHolderHalfCycle


   Single pin nets
   ---------------
   $dummy[0]
   nx0
   $dummy[1]

*** Existing cell /home/ayman/Desktop/Project/BeforeSub/CNN_AcceleratorSys/calibreFC/folder/Mul8x16


   Single pin nets
   ---------------
   $dummy[0]
   $dummy[1]
   $dummy[2]
   $dummy[3]
   $dummy[4]
   $dummy[5]
   $dummy[6]
   $dummy[7]
   $dummy[8]
   $dummy[9]
   $dummy[10]
   $dummy[11]
   $dummy[12]
   $dummy[13]
   $dummy[14]
   $dummy[15]
   $dummy[16]
   $dummy[17]
   $dummy[18]
   $dummy[19]
   $dummy[20]
   $dummy[21]
   $dummy[22]
   $dummy[23]
   $dummy[24]
   $dummy[25]
   $dummy[26]
   $dummy[27]
   $dummy[28]
   $dummy[29]
   $dummy[30]
   $dummy[31]
   $dummy[32]
   $dummy[33]
   $dummy[34]
   $dummy[35]
   $dummy[36]
   $dummy[37]
   $dummy[38]
   $dummy[39]
   $dummy[40]
   $dummy[41]
   $dummy[42]
   $dummy[43]
   $dummy[44]
   $dummy[45]
   $dummy[46]
   $dummy[47]
   $dummy[48]
   $dummy[49]
   $dummy[50]
   $dummy[51]
   $dummy[52]
   $dummy[53]
   $dummy[54]
   $dummy[55]
   $dummy[56]
   $dummy[57]
   $dummy[58]
   $dummy[59]
   $dummy[60]
   $dummy[61]
   $dummy[62]
   $dummy[63]
   $dummy[64]

*** Existing cell /home/ayman/Desktop/Project/BeforeSub/CNN_AcceleratorSys/calibreFC/folder/BoothStep


   Single pin nets
   ---------------
   $dummy[0]

*** Existing cell /home/ayman/Desktop/Project/BeforeSub/CNN_AcceleratorSys/calibreFC/folder/NBitAdder_24

*** Existing cell /home/ayman/Desktop/Project/BeforeSub/CNN_AcceleratorSys/calibreFC/folder/BinaryMux_33

*** Existing cell /home/ayman/Desktop/Project/BeforeSub/CNN_AcceleratorSys/calibreFC/folder/Reg_8


   Single pin nets
   ---------------
   $dummy[0]
   $dummy[1]
   $dummy[2]
   $dummy[3]
   $dummy[4]
   $dummy[5]
   $dummy[6]
   $dummy[7]
   $dummy[8]
   $dummy[9]
   $dummy[10]
   $dummy[11]
   $dummy[12]
   $dummy[13]
   $dummy[14]
   $dummy[15]

*** Existing cell /home/ayman/Desktop/Project/BeforeSub/CNN_AcceleratorSys/calibreFC/folder/Reg_16


   Single pin nets
   ---------------
   $dummy[0]
   $dummy[1]
   $dummy[2]
   $dummy[3]
   $dummy[4]
   $dummy[5]
   $dummy[6]
   $dummy[7]
   $dummy[8]
   $dummy[9]
   $dummy[10]
   $dummy[11]
   $dummy[12]
   $dummy[13]
   $dummy[14]
   $dummy[15]
   $dummy[16]
   $dummy[17]
   $dummy[18]
   $dummy[19]
   $dummy[20]
   $dummy[21]
   $dummy[22]
   $dummy[23]
   $dummy[24]
   $dummy[25]
   $dummy[26]
   $dummy[27]
   $dummy[28]
   $dummy[29]
   $dummy[30]
   $dummy[31]

*** Existing cell /home/ayman/Desktop/Project/BeforeSub/CNN_AcceleratorSys/calibreFC/folder/Reg_33


   Single pin nets
   ---------------
   $dummy[0]
   $dummy[1]
   $dummy[2]
   $dummy[3]
   $dummy[4]
   $dummy[5]
   $dummy[6]
   $dummy[7]
   $dummy[8]
   $dummy[9]
   $dummy[10]
   $dummy[11]
   $dummy[12]
   $dummy[13]
   $dummy[14]
   $dummy[15]
   $dummy[16]
   $dummy[17]
   $dummy[18]
   $dummy[19]
   $dummy[20]
   $dummy[21]
   $dummy[22]
   $dummy[23]
   $dummy[24]
   $dummy[25]
   $dummy[26]
   $dummy[27]
   $dummy[28]
   $dummy[29]
   $dummy[30]
   $dummy[31]
   $dummy[32]
   $dummy[33]
   $dummy[34]
   $dummy[35]
   $dummy[36]
   $dummy[37]
   $dummy[38]
   $dummy[39]
   $dummy[40]
   $dummy[41]
   $dummy[42]
   $dummy[43]
   $dummy[44]
   $dummy[45]
   $dummy[46]
   $dummy[47]
   $dummy[48]
   $dummy[49]
   $dummy[50]
   $dummy[51]
   $dummy[52]
   $dummy[53]
   $dummy[54]
   $dummy[55]
   $dummy[56]
   $dummy[57]
   $dummy[58]
   $dummy[59]
   $dummy[60]
   $dummy[61]
   $dummy[62]
   $dummy[63]
   $dummy[64]
   $dummy[65]

*** Existing cell /home/ayman/Desktop/Project/BeforeSub/CNN_AcceleratorSys/calibreFC/folder/ngetMax_16_10


   Single pin nets
   ---------------
   PWR
   $dummy[0]
   $dummy[1]
   $dummy[2]
   $dummy[3]
   $dummy[4]
   $dummy[5]
   $dummy[6]
   $dummy[7]
   $dummy[8]
   $dummy[9]
   $dummy[10]
   $dummy[11]
   $dummy[12]
   $dummy[13]
   $dummy[14]
   $dummy[15]
   $dummy[16]
   $dummy[17]
   $dummy[18]
   $dummy[19]
   $dummy[20]

*** Existing cell /home/ayman/Desktop/Project/BeforeSub/CNN_AcceleratorSys/calibreFC/folder/Comparator_16


   Single pin nets
   ---------------
   nx91

*** Existing cell /home/ayman/Desktop/Project/BeforeSub/CNN_AcceleratorSys/calibreFC/folder/CounterUpDown_4


   Single pin nets
   ---------------
   $dummy[0]
   $dummy[1]
   $dummy[2]
   $dummy[3]
   $dummy[4]

*** Existing cell /home/ayman/Desktop/Project/BeforeSub/CNN_AcceleratorSys/calibreFC/folder/NBitAdder_4

*** Existing cell /home/ayman/Desktop/Project/BeforeSub/CNN_AcceleratorSys/calibreFC/folder/RegTony_4


   Single pin nets
   ---------------
   $dummy[0]
   $dummy[1]
   $dummy[2]
   $dummy[3]
   $dummy[4]
   $dummy[5]
   $dummy[6]
   $dummy[7]

*** Existing cell /home/ayman/Desktop/Project/BeforeSub/CNN_AcceleratorSys/calibreFC/folder/RegTony_16


   Single pin nets
   ---------------
   $dummy[0]
   $dummy[1]
   $dummy[2]
   $dummy[3]
   $dummy[4]
   $dummy[5]
   $dummy[6]
   $dummy[7]
   $dummy[8]
   $dummy[9]
   $dummy[10]
   $dummy[11]
   $dummy[12]
   $dummy[13]
   $dummy[14]
   $dummy[15]
   $dummy[16]
   $dummy[17]
   $dummy[18]
   $dummy[19]
   $dummy[20]
   $dummy[21]
   $dummy[22]
   $dummy[23]
   $dummy[24]
   $dummy[25]
   $dummy[26]
   $dummy[27]
   $dummy[28]
   $dummy[29]
   $dummy[30]
   $dummy[31]

*** Existing cell /home/ayman/Desktop/Project/BeforeSub/CNN_AcceleratorSys/calibreFC/folder/Mux2_16

*** Existing cell /home/ayman/Desktop/Project/BeforeSub/CNN_AcceleratorSys/calibreFC/folder/CounterUpDown_16


   Single pin nets
   ---------------
   $dummy[0]
   $dummy[1]
   $dummy[2]
   $dummy[3]
   $dummy[4]
   $dummy[5]
   $dummy[6]
   $dummy[7]
   $dummy[8]
   $dummy[9]
   $dummy[10]
   $dummy[11]
   $dummy[12]
   $dummy[13]
   $dummy[14]
   $dummy[15]
   $dummy[16]

*** Existing cell /home/ayman/Desktop/Project/BeforeSub/CNN_AcceleratorSys/calibreFC/folder/NBitAdder_16

*** Existing cell /home/ayman/Desktop/Project/BeforeSub/CNN_AcceleratorSys/calibreFC/folder/FullAdder

*** Existing cell /home/ayman/Desktop/Project/BeforeSub/CNN_AcceleratorSys/calibreFC/folder/RisingHolderFullCycle


   Single pin nets
   ---------------
   $dummy[0]
   nx0
   $dummy[1]
